  test.cpp
test.obj : error LNK2019: unresolved external symbol "public: unsigned int __cdecl EntityManagement::EntityManager::EnqueueNewEntity(class EntityManagement::Entity *)" (?EnqueueNewEntity@EntityManager@EntityManagement@@QEAAIPEAVEntity@2@@Z) referenced in function "private: virtual void __cdecl ENTITY_SimpleInstantiation_Test::TestBody(void)" (?TestBody@ENTITY_SimpleInstantiation_Test@@EEAAXXZ)
test.obj : error LNK2019: unresolved external symbol "public: __cdecl EntityManagement::EntityManager::EntityManager(bool)" (??0EntityManager@EntityManagement@@QEAA@_N@Z) referenced in function "private: virtual void __cdecl ENTITY_SimpleInstantiation_Test::TestBody(void)" (?TestBody@ENTITY_SimpleInstantiation_Test@@EEAAXXZ)
test.obj : error LNK2019: unresolved external symbol "public: __cdecl EntityManagement::EntityManager::~EntityManager(void)" (??1EntityManager@EntityManagement@@QEAA@XZ) referenced in function "private: virtual void __cdecl ENTITY_SimpleInstantiation_Test::TestBody(void)" (?TestBody@ENTITY_SimpleInstantiation_Test@@EEAAXXZ)
D:\Software Projects\GameSystems\GameSystems\x64\Debug\TestSuite.exe : fatal error LNK1120: 3 unresolved externals
